<?xml version="1.0" encoding="UTF-8"?>
<testng-results ignored="0" total="1" passed="1" failed="0" skipped="0">
  <reporter-output>
  </reporter-output>
  <suite started-at="2025-01-22T17:14:27 IST" name="Default suite" finished-at="2025-01-22T17:14:31 IST" duration-ms="3609">
    <groups>
    </groups>
    <test started-at="2025-01-22T17:14:27 IST" name="Default test" finished-at="2025-01-22T17:14:31 IST" duration-ms="3609">
      <class name="com.api.tests.GetBookingTest">
        <test-method signature="getBookingTest()[pri:0, instance:com.api.tests.GetBookingTest@4802796d]" started-at="2025-01-22T17:14:27 IST" name="getBookingTest" description="Verify the Get Booking functionality API...." finished-at="2025-01-22T17:14:31 IST" duration-ms="3530" status="PASS">
          <reporter-output>
          </reporter-output>
        </test-method> <!-- getBookingTest -->
      </class> <!-- com.api.tests.GetBookingTest -->
    </test> <!-- Default test -->
  </suite> <!-- Default suite -->
</testng-results>
