<?xml version="1.0" encoding="UTF-8"?>
<testng-results ignored="0" total="1" passed="1" failed="0" skipped="0">
  <reporter-output>
  </reporter-output>
  <suite started-at="2025-01-22T16:13:11 IST" name="Default suite" finished-at="2025-01-22T16:13:15 IST" duration-ms="4636">
    <groups>
    </groups>
    <test started-at="2025-01-22T16:13:11 IST" name="Default test" finished-at="2025-01-22T16:13:15 IST" duration-ms="4636">
      <class name="com.api.tests.UpdateBookingTest">
        <test-method signature="updateBookingTest()[pri:0, instance:com.api.tests.UpdateBookingTest@4802796d]" started-at="2025-01-22T16:13:11 IST" name="updateBookingTest" description="Verify the update Booking functionality API...." finished-at="2025-01-22T16:13:15 IST" duration-ms="4581" status="PASS">
          <reporter-output>
          </reporter-output>
        </test-method> <!-- updateBookingTest -->
      </class> <!-- com.api.tests.UpdateBookingTest -->
    </test> <!-- Default test -->
  </suite> <!-- Default suite -->
</testng-results>
